<?xml version="1.0" encoding="UTF-8"?>
<testng-results ignored="0" total="2" passed="2" failed="0" skipped="0">
  <reporter-output>
  </reporter-output>
  <suite started-at="2023-03-31T11:15:38 IST" name="Default suite" finished-at="2023-03-31T11:16:19 IST" duration-ms="40897">
    <groups>
      <group name="cucumber">
        <method signature="AbstractTestNGCucumberTests.runScenario(io.cucumber.testng.PickleWrapper,io.cucumber.testng.FeatureWrapper)[pri:0, instance:Runner.CucumberRunnerTests@6e535154]" name="runScenario" class="io.cucumber.testng.AbstractTestNGCucumberTests"/>
      </group> <!-- cucumber -->
    </groups>
    <test started-at="2023-03-31T11:15:38 IST" name="Default test" finished-at="2023-03-31T11:16:19 IST" duration-ms="40897">
      <class name="Runner.CucumberRunnerTests">
        <test-method is-config="true" signature="setUpClass(org.testng.ITestContext)[pri:0, instance:Runner.CucumberRunnerTests@6e535154]" started-at="2023-03-31T11:15:38 IST" name="setUpClass" finished-at="2023-03-31T11:15:39 IST" duration-ms="568" status="PASS">
          <params>
            <param index="0">
              <value>
                <![CDATA[org.testng.TestRunner@1d0a61c8]]>
              </value>
            </param>
          </params>
          <reporter-output>
          </reporter-output>
        </test-method> <!-- setUpClass -->
        <test-method signature="runScenario(io.cucumber.testng.PickleWrapper,io.cucumber.testng.FeatureWrapper)[pri:0, instance:Runner.CucumberRunnerTests@6e535154]" started-at="2023-03-31T11:15:39 IST" name="runScenario" description="Runs Cucumber Scenarios" data-provider="scenarios" finished-at="2023-03-31T11:16:01 IST" duration-ms="21963" status="PASS">
          <params>
            <param index="0">
              <value>
                <![CDATA["Successful Login with valid page"]]>
              </value>
            </param>
            <param index="1">
              <value>
                <![CDATA["I am automation functionality of Add Skills in Orange HRM application"]]>
              </value>
            </param>
          </params>
          <reporter-output>
          </reporter-output>
        </test-method> <!-- runScenario -->
        <test-method signature="runScenario(io.cucumber.testng.PickleWrapper,io.cucumber.testng.FeatureWrapper)[pri:0, instance:Runner.CucumberRunnerTests@6e535154]" started-at="2023-03-31T11:16:01 IST" name="runScenario" description="Runs Cucumber Scenarios" data-provider="scenarios" finished-at="2023-03-31T11:16:19 IST" duration-ms="18212" status="PASS">
          <params>
            <param index="0">
              <value>
                <![CDATA["Successful job data entry"]]>
              </value>
            </param>
            <param index="1">
              <value>
                <![CDATA["I am automation functionality of Add Skills in Orange HRM application"]]>
              </value>
            </param>
          </params>
          <reporter-output>
          </reporter-output>
        </test-method> <!-- runScenario -->
        <test-method is-config="true" signature="tearDownClass()[pri:0, instance:Runner.CucumberRunnerTests@6e535154]" started-at="2023-03-31T11:16:19 IST" name="tearDownClass" finished-at="2023-03-31T11:16:19 IST" duration-ms="17" status="PASS">
          <reporter-output>
          </reporter-output>
        </test-method> <!-- tearDownClass -->
      </class> <!-- Runner.CucumberRunnerTests -->
    </test> <!-- Default test -->
  </suite> <!-- Default suite -->
</testng-results>
